<?xml version="1.0" encoding="UTF-8"?>
<!-- Generated by org.testng.reporters.JUnitReportReporter -->
<testsuite hostname="LAPTOP-H06TCUQB" name="com.imooc.ActionSelenium" tests="1" failures="0" timestamp="6 Dec 2018 12:24:23 GMT" time="17.628" errors="0">
  <testcase name="InitDriver" time="17.628" classname="com.imooc.ActionSelenium"/>
</testsuite> <!-- com.imooc.ActionSelenium -->
