<?xml version="1.0" encoding="UTF-8"?>
<!-- Generated by org.testng.reporters.JUnitReportReporter -->
<testsuite hostname="LAPTOP-H06TCUQB" name="practiceCode.TestHelloWorld" tests="1" failures="0" timestamp="8 Jan 2019 13:27:28 GMT" time="0.022" errors="0">
  <testcase name="testEmailGenerator" time="0.022" classname="practiceCode.TestHelloWorld"/>
</testsuite> <!-- practiceCode.TestHelloWorld -->
